{
  level: 'info',
  message: 'Starting to fetch all business by keywords',
  timestamp: '2020-07-07T18:10:03.111Z'
}
{
  level: 'info',
  message: 'Fetching search criteria https://cfda.sos.wa.gov/api/BusinessSearch/GetAdvanceBusinessSearchList',
  timestamp: '2020-07-07T18:10:03.251Z'
}
{
  level: 'info',
  message: 'Fetching search criteria https://cfda.sos.wa.gov/api/BusinessSearch/GetAdvanceBusinessSearchList',
  timestamp: '2020-07-07T18:10:03.319Z'
}
{
  level: 'info',
  message: 'Fetching search criteria https://cfda.sos.wa.gov/api/BusinessSearch/GetAdvanceBusinessSearchList',
  timestamp: '2020-07-07T18:10:03.479Z'
}
{
  level: 'info',
  message: 'Fetching search criteria https://cfda.sos.wa.gov/api/BusinessSearch/GetAdvanceBusinessSearchList',
  timestamp: '2020-07-07T18:10:03.631Z'
}
{
  level: 'info',
  message: 'Fetching search criteria https://cfda.sos.wa.gov/api/BusinessSearch/GetAdvanceBusinessSearchList',
  timestamp: '2020-07-07T18:10:03.638Z'
}
{
  level: 'info',
  message: 'Fetching search criteria https://cfda.sos.wa.gov/api/BusinessSearch/GetAdvanceBusinessSearchList',
  timestamp: '2020-07-07T18:10:03.652Z'
}
{
  level: 'info',
  message: 'Fetching search criteria https://cfda.sos.wa.gov/api/BusinessSearch/GetAdvanceBusinessSearchList',
  timestamp: '2020-07-07T18:10:03.857Z'
}
{
  level: 'info',
  message: 'Fetching search criteria https://cfda.sos.wa.gov/api/BusinessSearch/GetAdvanceBusinessSearchList',
  timestamp: '2020-07-07T18:10:03.895Z'
}
{
  level: 'info',
  message: 'Fetching search criteria https://cfda.sos.wa.gov/api/BusinessSearch/GetAdvanceBusinessSearchList',
  timestamp: '2020-07-07T18:10:04.009Z'
}
{
  level: 'info',
  message: 'Fetching search criteria https://cfda.sos.wa.gov/api/BusinessSearch/GetAdvanceBusinessSearchList',
  timestamp: '2020-07-07T18:10:04.107Z'
}
{
  level: 'info',
  message: 'BACK 2 LIFE CHIROPRACTIC P.L.L.C. (604 542 851): https://cfda.sos.wa.gov/api/BusinessSearch/BusinessInformation?businessID=1328554',
  timestamp: '2020-07-07T18:10:08.183Z'
}
{
  level: 'info',
  message: 'LOOK BACK HILL RANCH, L.L.L.P. (604 310 951): https://cfda.sos.wa.gov/api/BusinessSearch/BusinessInformation?businessID=1219466',
  timestamp: '2020-07-07T18:10:08.201Z'
}
{
  level: 'info',
  message: 'BACK 2 LIFE CHIROPRACTIC P.L.L.C.(604 542 851) keywords: back 2 life chiropractic p l l c',
  timestamp: '2020-07-07T18:10:08.283Z'
}
{
  level: 'info',
  message: 'LOOK BACK HILL RANCH, L.L.L.P.(604 310 951) keywords: look back hill ranch l l l p agriculture forestry fishing hunting & trapping',
  timestamp: '2020-07-07T18:10:08.312Z'
}
{
  level: 'info',
  message: 'BACKYARD BAKERY, LLP (604 609 869): https://cfda.sos.wa.gov/api/BusinessSearch/BusinessInformation?businessID=1359284',
  timestamp: '2020-07-07T18:10:08.371Z'
}
{
  level: 'info',
  message: 'BACKYARD BAKERY, LLP(604 609 869) keywords: backyard bakery llp',
  timestamp: '2020-07-07T18:10:08.461Z'
}
{
  level: 'info',
  message: 'A+ BACKFLOW INC (604 077 660): https://cfda.sos.wa.gov/api/BusinessSearch/BusinessInformation?businessID=12921',
  timestamp: '2020-07-07T18:10:09.627Z'
}
{
  level: 'info',
  message: 'BACK IN BALANCE REDMOND, PS (603 066 944): https://cfda.sos.wa.gov/api/BusinessSearch/BusinessInformation?businessID=559017',
  timestamp: '2020-07-07T18:10:09.629Z'
}
{
  level: 'info',
  message: 'ARNE BACKSTROM MEMORIAL FUND (603 056 095): https://cfda.sos.wa.gov/api/BusinessSearch/BusinessInformation?businessID=56557',
  timestamp: '2020-07-07T18:10:09.635Z'
}
{
  level: 'info',
  message: 'BACK IN BALANCE REDMOND, PS(603 066 944) keywords: back balance redmond ps health care social assistance & service organization',
  timestamp: '2020-07-07T18:10:11.272Z'
}
{
  level: 'info',
  message: 'ARNE BACKSTROM MEMORIAL FUND(603 056 095) keywords: arne backstrom memorial fund charitable',
  timestamp: '2020-07-07T18:10:11.373Z'
}
{
  level: 'info',
  message: 'A+ BACKFLOW INC(604 077 660) keywords: a backflow inc services back flow testing',
  timestamp: '2020-07-07T18:10:11.457Z'
}
{
  level: 'info',
  message: 'KELLER ROHRBACK L.L.P. (601 676 868): https://cfda.sos.wa.gov/api/BusinessSearch/BusinessInformation?businessID=282100',
  timestamp: '2020-07-07T18:10:13.707Z'
}
{
  level: 'info',
  message: '360 MASSAGE, PLLC (604 121 361): https://cfda.sos.wa.gov/api/BusinessSearch/BusinessInformation?businessID=95189',
  timestamp: '2020-07-07T18:10:14.010Z'
}
{
  level: 'info',
  message: '360 THROWBACK AUCTIONS AND SALES, LLC (604 617 422): https://cfda.sos.wa.gov/api/BusinessSearch/BusinessInformation?businessID=1363147',
  timestamp: '2020-07-07T18:10:14.274Z'
}
{
  level: 'info',
  message: 'KELLER ROHRBACK L.L.P.(601 676 868) keywords: keller rohrback l l p professional scientific & technical services',
  timestamp: '2020-07-07T18:10:14.614Z'
}
{
  level: 'info',
  message: '360 MASSAGE, PLLC(604 121 361) keywords: 360 massage p services massage therapy',
  timestamp: '2020-07-07T18:10:14.949Z'
}
{
  level: 'info',
  message: '360 THROWBACK AUCTIONS AND SALES, LLC(604 617 422) keywords: 360 throwback auctions sales',
  timestamp: '2020-07-07T18:10:15.002Z'
}
{
  level: 'info',
  message: 'A HEALING TOUCH MASSAGE CLINIC, PS (602 072 683): https://cfda.sos.wa.gov/api/BusinessSearch/BusinessInformation?businessID=83361',
  timestamp: '2020-07-07T18:10:16.802Z'
}
{
  level: 'info',
  message: 'MASSAGE NETWORK SOLUTIONS (604 354 150): https://cfda.sos.wa.gov/api/BusinessSearch/BusinessInformation?businessID=1244446',
  timestamp: '2020-07-07T18:10:16.836Z'
}
{
  level: 'info',
  message: '3-CITIES ON-SITE MASSAGE, INC. (601 755 627): https://cfda.sos.wa.gov/api/BusinessSearch/BusinessInformation?businessID=1092168',
  timestamp: '2020-07-07T18:10:16.986Z'
}
{
  level: 'info',
  message: 'A HEALING TOUCH MASSAGE CLINIC, PS(602 072 683) keywords: healing touch massage clinic ps health care social assistance & service organization',
  timestamp: '2020-07-07T18:10:17.523Z'
}
{
  level: 'info',
  message: 'MASSAGE NETWORK SOLUTIONS(604 354 150) keywords: massage network solutions trade association',
  timestamp: '2020-07-07T18:10:17.667Z'
}
{
  level: 'info',
  message: '3-CITIES ON-SITE MASSAGE, INC.(601 755 627) keywords: 3 cities on site massage inc',
  timestamp: '2020-07-07T18:10:17.753Z'
}
{
  level: 'info',
  message: 'DECAMP-TOFTNESS CHIROPRACTIC CLINIC, LLP (602 351 864): https://cfda.sos.wa.gov/api/BusinessSearch/BusinessInformation?businessID=639738',
  timestamp: '2020-07-07T18:10:20.566Z'
}
{
  level: 'info',
  message: "'A' STREET CLINIC OF CHIROPRACTIC, PLLC (602 681 514): https://cfda.sos.wa.gov/api/BusinessSearch/BusinessInformation?businessID=1001",
  timestamp: '2020-07-07T18:10:20.568Z'
}
{
  level: 'info',
  message: '1000 FINGERS MASSAGE LLC (604 361 074): https://cfda.sos.wa.gov/api/BusinessSearch/BusinessInformation?businessID=1247588',
  timestamp: '2020-07-07T18:10:20.991Z'
}
{
  level: 'info',
  message: '1000 FINGERS MASSAGE LLC(604 361 074) keywords: 1000 fingers massage health care social assistance & service organization massage therapy',
  timestamp: '2020-07-07T18:10:22.577Z'
}
{
  level: 'info',
  message: "'A' STREET CLINIC OF CHIROPRACTIC, PLLC(602 681 514) keywords: a street clinic chiropractic p health care social assistance & service organization",
  timestamp: '2020-07-07T18:10:22.720Z'
}
{
  level: 'info',
  message: 'DECAMP-TOFTNESS CHIROPRACTIC CLINIC, LLP(602 351 864) keywords: decamp toftness chiropractic clinic llp health care social assistance & service organization',
  timestamp: '2020-07-07T18:10:22.765Z'
}
{
  level: 'info',
  message: '1ST CHOICE CHIROPRACTIC, PS (602 171 043): https://cfda.sos.wa.gov/api/BusinessSearch/BusinessInformation?businessID=1078389',
  timestamp: '2020-07-07T18:10:24.704Z'
}
{
  level: 'info',
  message: 'CLARK COUNTY CHIROPRACTIC SOCIETY (601 810 347): https://cfda.sos.wa.gov/api/BusinessSearch/BusinessInformation?businessID=78481',
  timestamp: '2020-07-07T18:10:24.769Z'
}
{
  level: 'info',
  message: 'ABSOLUTE CHIROPRACTIC AND WELLNESS CENTER, INC. (602 916 891): https://cfda.sos.wa.gov/api/BusinessSearch/BusinessInformation?businessID=18866',
  timestamp: '2020-07-07T18:10:24.949Z'
}
{
  level: 'info',
  message: 'CLARK COUNTY CHIROPRACTIC SOCIETY(601 810 347) keywords: clark county chiropractic society trade association',
  timestamp: '2020-07-07T18:10:26.230Z'
}
{
  level: 'info',
  message: 'ABSOLUTE CHIROPRACTIC AND WELLNESS CENTER, INC.(602 916 891) keywords: absolute chiropractic wellness center inc health care social assistance & service organization',
  timestamp: '2020-07-07T18:10:26.265Z'
}
{
  level: 'info',
  message: '1ST CHOICE CHIROPRACTIC, PS(602 171 043) keywords: 1st choice chiropractic ps health care social assistance & service organization',
  timestamp: '2020-07-07T18:10:26.389Z'
}
{
  level: 'info',
  message: 'ALLENMORE MEDICAL FOUNDATION (601 622 979): https://cfda.sos.wa.gov/api/BusinessSearch/BusinessInformation?businessID=534979',
  timestamp: '2020-07-07T18:10:29.377Z'
}
{
  level: 'info',
  message: 'AURORA VILLAGE MEDICAL CREST, L.P. (604 016 311): https://cfda.sos.wa.gov/api/BusinessSearch/BusinessInformation?businessID=562953',
  timestamp: '2020-07-07T18:10:29.426Z'
}
{
  level: 'info',
  message: '180 CHIROPRACTIC WELLNESS CENTER, LLC (602 930 240): https://cfda.sos.wa.gov/api/BusinessSearch/BusinessInformation?businessID=33113',
  timestamp: '2020-07-07T18:10:29.436Z'
}
{
  level: 'info',
  message: 'FLEETLINE AUTO SALES LLLP (604 596 632): https://cfda.sos.wa.gov/api/BusinessSearch/BusinessInformation?businessID=1349819',
  timestamp: '2020-07-07T18:10:29.526Z'
}
{
  level: 'info',
  message: 'AURORA VILLAGE MEDICAL CREST, L.P.(604 016 311) keywords: aurora village medical crest l p real estate',
  timestamp: '2020-07-07T18:10:30.512Z'
}
{
  level: 'info',
  message: 'ALLENMORE MEDICAL FOUNDATION(601 622 979) keywords: allenmore medical foundation charitable',
  timestamp: '2020-07-07T18:10:30.997Z'
}
{
  level: 'info',
  message: '180 CHIROPRACTIC WELLNESS CENTER, LLC(602 930 240) keywords: 180 chiropractic wellness center health care social assistance & service organization chiropractic',
  timestamp: '2020-07-07T18:10:31.008Z'
}
{
  level: 'info',
  message: 'FLEETLINE AUTO SALES LLLP(604 596 632) keywords: fleetline auto sales lllp motor vehicle aerospace & transportation products',
  timestamp: '2020-07-07T18:10:31.026Z'
}
{
  level: 'info',
  message: 'ADULT INPATIENT MEDICAL SERVICES, PLLC (602 888 667): https://cfda.sos.wa.gov/api/BusinessSearch/BusinessInformation?businessID=15606',
  timestamp: '2020-07-07T18:10:31.103Z'
}
{
  level: 'info',
  message: 'SEATTLE MEDICAL ASSOCIATES PLLP (601 137 518): https://cfda.sos.wa.gov/api/BusinessSearch/BusinessInformation?businessID=1001281',
  timestamp: '2020-07-07T18:10:31.176Z'
}
{
  level: 'info',
  message: 'EVERGREEN MEDICAL DENTAL CENTER LLP (602 083 780): https://cfda.sos.wa.gov/api/BusinessSearch/BusinessInformation?businessID=680577',
  timestamp: '2020-07-07T18:10:31.295Z'
}
{
  level: 'info',
  message: 'SEATTLE MEDICAL ASSOCIATES PLLP(601 137 518) keywords: seattle medical associates pllp health care social assistance & service organization',
  timestamp: '2020-07-07T18:10:32.384Z'
}
{
  level: 'info',
  message: 'EVERGREEN MEDICAL DENTAL CENTER LLP(602 083 780) keywords: evergreen medical dental center llp real estate',
  timestamp: '2020-07-07T18:10:32.499Z'
}
{
  level: 'info',
  message: '104TH AVENUE MEDICAL CLINIC, INCORPORATED (602 049 746): https://cfda.sos.wa.gov/api/BusinessSearch/BusinessInformation?businessID=58528',
  timestamp: '2020-07-07T18:10:32.717Z'
}
{
  level: 'info',
  message: 'ADULT INPATIENT MEDICAL SERVICES, PLLC(602 888 667) keywords: adult inpatient medical services p health care social assistance & service organization',
  timestamp: '2020-07-07T18:10:32.747Z'
}
{
  level: 'info',
  message: 'AGAPE MEDICAL MISSIONS (602 097 390): https://cfda.sos.wa.gov/api/BusinessSearch/BusinessInformation?businessID=485017',
  timestamp: '2020-07-07T18:10:32.772Z'
}
{
  level: 'info',
  message: 'ACUPUNCTURE & ORIENTAL MEDICAL CENTER, P.S. (602 303 605): https://cfda.sos.wa.gov/api/BusinessSearch/BusinessInformation?businessID=25065',
  timestamp: '2020-07-07T18:10:32.831Z'
}
{
  level: 'info',
  message: '104TH AVENUE MEDICAL CLINIC, INCORPORATED(602 049 746) keywords: 104th avenue medical clinic incorporated professional scientific & technical services health care social assistance & service organization',
  timestamp: '2020-07-07T18:10:33.748Z'
}
{
  level: 'info',
  message: 'ACUPUNCTURE & ORIENTAL MEDICAL CENTER, P.S.(602 303 605) keywords: acupuncture & oriental medical center p s health care social assistance & service organization acupuncture herbs',
  timestamp: '2020-07-07T18:10:33.799Z'
}
{
  level: 'info',
  message: 'AGAPE MEDICAL MISSIONS(602 097 390) keywords: agape medical missions religious religious activities quartal religious journals monthly prayer meetings charity work',
  timestamp: '2020-07-07T18:10:34.035Z'
}
{
  level: 'info',
  message: 'HILLSBORO AUTO REAL ESTATE, LIMITED PARTNERSHIP (601 068 203): https://cfda.sos.wa.gov/api/BusinessSearch/BusinessInformation?businessID=753594',
  timestamp: '2020-07-07T18:10:37.491Z'
}
{
  level: 'info',
  message: 'ABSOLUTE AUTO GLASS, L.L.P. (604 362 077): https://cfda.sos.wa.gov/api/BusinessSearch/BusinessInformation?businessID=1259246',
  timestamp: '2020-07-07T18:10:38.239Z'
}
{
  level: 'info',
  message: 'HILLSBORO AUTO REAL ESTATE, LIMITED PARTNERSHIP(601 068 203) keywords: hillsboro auto real estate limited property management',
  timestamp: '2020-07-07T18:10:38.244Z'
}
{
  level: 'info',
  message: 'AUTO INJURY PAIN CLINIC, PLLC (604 533 625): https://cfda.sos.wa.gov/api/BusinessSearch/BusinessInformation?businessID=1319318',
  timestamp: '2020-07-07T18:10:38.380Z'
}
{
  level: 'info',
  message: 'AUTO INJURY PAIN CLINIC, PLLC(604 533 625) keywords: auto injury pain clinic p',
  timestamp: '2020-07-07T18:10:38.471Z'
}
{
  level: 'info',
  message: 'ABSOLUTE AUTO GLASS, L.L.P.(604 362 077) keywords: absolute auto glass l l p automotive glass replacement',
  timestamp: '2020-07-07T18:10:39.081Z'
}
{
  level: 'info',
  message: '1ST CLASS AUTO GLASS INC. (603 315 393): https://cfda.sos.wa.gov/api/BusinessSearch/BusinessInformation?businessID=62400',
  timestamp: '2020-07-07T18:10:39.470Z'
}
{
  level: 'info',
  message: '"WASHINGTON SHELBY AMERICAN AUTOMOBILE CLUB" (601 661 787): https://cfda.sos.wa.gov/api/BusinessSearch/BusinessInformation?businessID=691',
  timestamp: '2020-07-07T18:10:39.478Z'
}
{
  level: 'info',
  message: '1ST CLASS AUTO GLASS INC.(603 315 393) keywords: 1st class auto glass inc construction',
  timestamp: '2020-07-07T18:10:40.517Z'
}
{
  level: 'info',
  message: '"WASHINGTON SHELBY AMERICAN AUTOMOBILE CLUB"(601 661 787) keywords: washington shelby american automobile club social automobile enthusiast club',
  timestamp: '2020-07-07T18:10:40.532Z'
}
{
  level: 'info',
  message: 'BREMERTON AUTO CLUB (601 798 277): https://cfda.sos.wa.gov/api/BusinessSearch/BusinessInformation?businessID=588487',
  timestamp: '2020-07-07T18:10:43.227Z'
}
{
  level: 'info',
  message: '1632 MEDICAL BUILDING LLC (603 430 128): https://cfda.sos.wa.gov/api/BusinessSearch/BusinessInformation?businessID=59327',
  timestamp: '2020-07-07T18:10:43.675Z'
}
{
  level: 'info',
  message: 'BREMERTON AUTO CLUB(601 798 277) keywords: bremerton auto club charitable monthly meetings participation car shows parades',
  timestamp: '2020-07-07T18:10:44.022Z'
}
{
  level: 'info',
  message: '1632 MEDICAL BUILDING LLC(603 430 128) keywords: 1632 medical building holding',
  timestamp: '2020-07-07T18:10:44.379Z'
}
{
  level: 'info',
  message: 'HISTORIC ELECTRIC VEHICLE FOUNDATION (603 270 104): https://cfda.sos.wa.gov/api/BusinessSearch/BusinessInformation?businessID=725728',
  timestamp: '2020-07-07T18:10:46.266Z'
}
{
  level: 'info',
  message: 'HISTORIC ELECTRIC VEHICLE FOUNDATION(603 270 104) keywords: historic electric vehicle foundation educational',
  timestamp: '2020-07-07T18:10:47.349Z'
}
{
  level: 'info',
  message: 'OJEDA LAW OFFICES LLLP (604 615 829): https://cfda.sos.wa.gov/api/BusinessSearch/BusinessInformation?businessID=1360700',
  timestamp: '2020-07-07T18:10:48.186Z'
}
{
  level: 'info',
  message: 'OJEDA LAW OFFICES LLLP(604 615 829) keywords: ojeda law offices lllp',
  timestamp: '2020-07-07T18:10:48.318Z'
}
{
  level: 'info',
  message: 'AMANDA HARVEY ATTORNEY AT LAW PLLC (604 488 503): https://cfda.sos.wa.gov/api/BusinessSearch/BusinessInformation?businessID=1298589',
  timestamp: '2020-07-07T18:10:48.478Z'
}
{
  level: 'info',
  message: "AUBREY'S RECREATIONAL VEHICLE CENTER, INC. (600 219 305): https://cfda.sos.wa.gov/api/BusinessSearch/BusinessInformation?businessID=44712",
  timestamp: '2020-07-07T18:10:49.266Z'
}
{
  level: 'info',
  message: 'AMANDA HARVEY ATTORNEY AT LAW PLLC(604 488 503) keywords: amanda harvey attorney law p professional scientific & technical services',
  timestamp: '2020-07-07T18:10:49.482Z'
}
{
  level: 'info',
  message: '1 FINE AUTO, LLC (602 902 091): https://cfda.sos.wa.gov/api/BusinessSearch/BusinessInformation?businessID=1126',
  timestamp: '2020-07-07T18:10:49.747Z'
}
{
  level: 'info',
  message: "AUBREY'S RECREATIONAL VEHICLE CENTER, INC.(600 219 305) keywords: aubrey s recreational vehicle center inc services sales service types recreational vehicles",
  timestamp: '2020-07-07T18:10:50.363Z'
}
{
  level: 'info',
  message: '1 FINE AUTO, LLC(602 902 091) keywords: 1 fine auto',
  timestamp: '2020-07-07T18:10:50.745Z'
}
{
  level: 'info',
  message: 'HKM EMPLOYMENT ATTORNEYS LLP (603 346 273): https://cfda.sos.wa.gov/api/BusinessSearch/BusinessInformation?businessID=743521',
  timestamp: '2020-07-07T18:10:51.910Z'
}
{
  level: 'info',
  message: 'HKM EMPLOYMENT ATTORNEYS LLP(603 346 273) keywords: hkm employment attorneys llp services employment law firm',
  timestamp: '2020-07-07T18:10:53.084Z'
}
{
  level: 'info',
  message: 'A DENES, ATTORNEY AT LAW, PS (603 326 416): https://cfda.sos.wa.gov/api/BusinessSearch/BusinessInformation?businessID=12806',
  timestamp: '2020-07-07T18:10:54.024Z'
}
{
  level: 'info',
  message: "ATTORNEY GENERAL'S OFFICE ATTORNEY CONFERENCE COMMITTEE (602 197 992): https://cfda.sos.wa.gov/api/BusinessSearch/BusinessInformation?businessID=44269",
  timestamp: '2020-07-07T18:10:54.256Z'
}
{
  level: 'info',
  message: 'A DENES, ATTORNEY AT LAW, PS(603 326 416) keywords: denes attorney law ps',
  timestamp: '2020-07-07T18:10:54.854Z'
}
{
  level: 'info',
  message: 'BROTHERS BARBER SHOP, LLLP (604 574 107): https://cfda.sos.wa.gov/api/BusinessSearch/BusinessInformation?businessID=1335711',
  timestamp: '2020-07-07T18:10:54.871Z'
}
{
  level: 'info',
  message: "ATTORNEY GENERAL'S OFFICE ATTORNEY CONFERENCE COMMITTEE(602 197 992) keywords: attorney general s office attorney conference committee raise funds wa state attorney general s office statewide attorneys training conference",
  timestamp: '2020-07-07T18:10:55.027Z'
}
{
  level: 'info',
  message: 'BROTHERS BARBER SHOP, LLLP(604 574 107) keywords: brs barber shop lllp services barber shop',
  timestamp: '2020-07-07T18:10:55.827Z'
}
{
  level: 'info',
  message: 'GASSIKIA LAW, P.L.L.P (604 294 350): https://cfda.sos.wa.gov/api/BusinessSearch/BusinessInformation?businessID=1210681',
  timestamp: '2020-07-07T18:10:56.293Z'
}
{
  level: 'info',
  message: 'AARON JAMES WOLFF, ATTORNEY AT LAW P.S. INC. (602 881 998): https://cfda.sos.wa.gov/api/BusinessSearch/BusinessInformation?businessID=407700',
  timestamp: '2020-07-07T18:10:56.515Z'
}
{
  level: 'info',
  message: 'GASSIKIA LAW, P.L.L.P(604 294 350) keywords: gassikia law p l l p',
  timestamp: '2020-07-07T18:10:57.125Z'
}
{
  level: 'info',
  message: 'AARON JAMES WOLFF, ATTORNEY AT LAW P.S. INC.(602 881 998) keywords: aaron james wolff attorney law p s inc services',
  timestamp: '2020-07-07T18:10:57.438Z'
}
{
  level: 'info',
  message: '2ND STREET LAW, PLLC (603 570 832): https://cfda.sos.wa.gov/api/BusinessSearch/BusinessInformation?businessID=62900',
  timestamp: '2020-07-07T18:10:57.697Z'
}
{
  level: 'info',
  message: '2ND STREET LAW, PLLC(603 570 832) keywords: 2nd street law p professional scientific & technical services',
  timestamp: '2020-07-07T18:10:58.612Z'
}
{
  level: 'info',
  message: 'ABC LAW GROUP LLP (603 083 317): https://cfda.sos.wa.gov/api/BusinessSearch/BusinessInformation?businessID=410822',
  timestamp: '2020-07-07T18:10:59.044Z'
}
{
  level: 'info',
  message: 'WASHINGTON ASSOCIATION OF PROSECUTING ATTORNEYS (600 390 306): https://cfda.sos.wa.gov/api/BusinessSearch/BusinessInformation?businessID=324530',
  timestamp: '2020-07-07T18:10:59.104Z'
}
{
  level: 'info',
  message: 'BELLA WYNMOOR, LP (602 370 075): https://cfda.sos.wa.gov/api/BusinessSearch/BusinessInformation?businessID=569443',
  timestamp: '2020-07-07T18:10:59.802Z'
}
{
  level: 'info',
  message: 'ABC LAW GROUP LLP(603 083 317) keywords: abc law group llp professional scientific & technical services',
  timestamp: '2020-07-07T18:10:59.856Z'
}
{
  level: 'info',
  message: 'WASHINGTON ASSOCIATION OF PROSECUTING ATTORNEYS(600 390 306) keywords: washington association prosecuting attorneys professional association non profit service organization dedicated training support county prosecutors wapa serves voice county prosecutors state national levels acts liaison counties levels government research training lobbying',
  timestamp: '2020-07-07T18:10:59.988Z'
}
{
  level: 'info',
  message: 'BELLA WYNMOOR, LP(602 370 075) keywords: bella wynmoor lp manage family investments',
  timestamp: '2020-07-07T18:11:00.665Z'
}
{
  level: 'info',
  message: '7300 WOODLAWN AVENUE CONDOMINIUM HOMEOWNERS ASSOCIATION (602 112 422): https://cfda.sos.wa.gov/api/BusinessSearch/BusinessInformation?businessID=11231',
  timestamp: '2020-07-07T18:11:00.978Z'
}
